<?xml version="1.0" encoding="UTF-8"?>
<!-- Generated by org.testng.reporters.JUnitReportReporter -->
<testsuite skipped="0" hostname="LAPTOP-I5KJTG5H" name="WebPages.App" tests="1" failures="0" timestamp="2021-04-09T12:37:26 IST" time="1.569" errors="0">
  <testcase name="loadPage" time="1.569" classname="WebPages.App"/>
  <system-out/>
</testsuite> <!-- WebPages.App -->
