<?xml version="1.0" encoding="UTF-8"?>
<!-- Generated by org.testng.reporters.JUnitReportReporter -->
<testsuite skipped="0" hostname="LAPTOP-I5KJTG5H" name="SmallCase.smallCaseMavenProject.AppTest" tests="1" failures="0" timestamp="2021-04-09T19:52:08 IST" time="43.003" errors="0">
  <testcase name="Scenario2" time="43.003" classname="SmallCase.smallCaseMavenProject.AppTest"/>
  <system-out>
D:\SmallCase\smallCaseMavenProject/Screenshots D:\SmallCase\smallCaseMavenProject/Screenshots  </system-out>
</testsuite> <!-- SmallCase.smallCaseMavenProject.AppTest -->
